Arguments: 
  C:\Program Files\nodejs\node.exe C:\Users\Andrew Kamiji\AppData\Roaming\npm\node_modules\yarn\bin\yarn.js add express mogan

PATH: 
  C:\Program Files\Microsoft\jdk-11.0.12.7-hotspot\bin;C:\Windows\system32;C:\Windows;C:\Windows\System32\Wbem;C:\Windows\System32\WindowsPowerShell\v1.0\;C:\Windows\System32\OpenSSH\;C:\Program Files\Git\cmd;C:\Program Files\Microsoft SQL Server\150\Tools\Binn\;C:\Program Files\Microsoft SQL Server\Client SDK\ODBC\170\Tools\Binn\;C:\Program Files\dotnet\;C:\Program Files\nodejs\;C:\Users\Andrew Kamiji\AppData\Local\Microsoft\WindowsApps;;C:\Users\Andrew Kamiji\AppData\Local\Programs\Microsoft VS Code\bin;C:\Users\Andrew Kamiji\.dotnet\tools;C:\Users\Andrew Kamiji\AppData\Roaming\npm

Yarn version: 
  1.22.19

Node version: 
  18.12.1

Platform: 
  win32 x64

Trace: 
  Error: https://registry.yarnpkg.com/mogan: Not found
      at params.callback [as _callback] (C:\Users\Andrew Kamiji\AppData\Roaming\npm\node_modules\yarn\lib\cli.js:66145:18)
      at self.callback (C:\Users\Andrew Kamiji\AppData\Roaming\npm\node_modules\yarn\lib\cli.js:140890:22)
      at Request.emit (node:events:513:28)
      at Request.<anonymous> (C:\Users\Andrew Kamiji\AppData\Roaming\npm\node_modules\yarn\lib\cli.js:141862:10)
      at Request.emit (node:events:513:28)
      at IncomingMessage.<anonymous> (C:\Users\Andrew Kamiji\AppData\Roaming\npm\node_modules\yarn\lib\cli.js:141784:12)
      at Object.onceWrapper (node:events:627:28)
      at IncomingMessage.emit (node:events:525:35)
      at endReadableNT (node:internal/streams/readable:1359:12)
      at process.processTicksAndRejections (node:internal/process/task_queues:82:21)

npm manifest: 
  {
    "name": "back-end",
    "version": "1.0.0",
    "description": "Back-end salão de beleza",
    "main": "index.js",
    "scripts": {
      "test": "echo \"Error: no test specified\" && exit 1"
    },
    "repository": {
      "type": "git",
      "url": "git+https://github.com/kamijidias/back-end-sal-o.git"
    },
    "author": "",
    "license": "ISC",
    "bugs": {
      "url": "https://github.com/kamijidias/back-end-sal-o/issues"
    },
    "homepage": "https://github.com/kamijidias/back-end-sal-o#readme"
  }

yarn manifest: 
  No manifest

Lockfile: 
  No lockfile
